<?xml version="1.0" encoding="UTF-8"?>
<testsuite name="com.moon.nishan.balanceload.ExampleUnitTest" tests="1" skipped="0" failures="0" errors="0" timestamp="2015-12-02T17:16:15" hostname="nishan-hp-linux" time="0.001">
  <properties/>
  <testcase name="addition_isCorrect" classname="com.moon.nishan.balanceload.ExampleUnitTest" time="0.001"/>
  <system-out><![CDATA[]]></system-out>
  <system-err><![CDATA[]]></system-err>
</testsuite>
